<?xml version="1.0" encoding="UTF-8"?>
<coverage generated="1772897575203" clover="3.2.0">
  <project timestamp="1772897575204" name="All files">
    <metrics statements="164" coveredstatements="126" conditionals="78" coveredconditionals="41" methods="59" coveredmethods="45" elements="301" coveredelements="212" complexity="0" loc="164" ncloc="164" packages="6" files="10" classes="10"/>
    <package name="src">
      <metrics statements="23" coveredstatements="8" conditionals="6" coveredconditionals="0" methods="3" coveredmethods="0"/>
      <file name="firebase.ts" path="D:\SideProject\BibleStudy\bible-reading-app\src\firebase.ts">
        <metrics statements="23" coveredstatements="8" conditionals="6" coveredconditionals="0" methods="3" coveredmethods="0"/>
        <line num="12" count="1" type="stmt"/>
        <line num="22" count="1" type="stmt"/>
        <line num="25" count="1" type="stmt"/>
        <line num="26" count="1" type="stmt"/>
        <line num="29" count="1" type="stmt"/>
        <line num="32" count="1" type="stmt"/>
        <line num="33" count="0" type="stmt"/>
        <line num="34" count="0" type="stmt"/>
        <line num="36" count="0" type="cond" truecount="0" falsecount="4"/>
        <line num="37" count="0" type="stmt"/>
        <line num="38" count="0" type="stmt"/>
        <line num="40" count="0" type="stmt"/>
        <line num="45" count="1" type="stmt"/>
        <line num="46" count="0" type="stmt"/>
        <line num="47" count="0" type="stmt"/>
        <line num="49" count="0" type="stmt"/>
        <line num="50" count="0" type="stmt"/>
        <line num="55" count="1" type="stmt"/>
        <line num="56" count="0" type="stmt"/>
        <line num="57" count="0" type="stmt"/>
        <line num="58" count="0" type="cond" truecount="0" falsecount="2"/>
        <line num="60" count="0" type="stmt"/>
        <line num="61" count="0" type="stmt"/>
      </file>
    </package>
    <package name="src.components.Layout">
      <metrics statements="13" coveredstatements="12" conditionals="8" coveredconditionals="8" methods="8" coveredmethods="7"/>
      <file name="Layout.css" path="D:\SideProject\BibleStudy\bible-reading-app\src\components\Layout\Layout.css">
        <metrics statements="0" coveredstatements="0" conditionals="0" coveredconditionals="0" methods="0" coveredmethods="0"/>
      </file>
      <file name="Layout.tsx" path="D:\SideProject\BibleStudy\bible-reading-app\src\components\Layout\Layout.tsx">
        <metrics statements="13" coveredstatements="12" conditionals="8" coveredconditionals="8" methods="8" coveredmethods="7"/>
        <line num="8" count="1" type="stmt"/>
        <line num="9" count="5" type="stmt"/>
        <line num="10" count="5" type="stmt"/>
        <line num="11" count="5" type="stmt"/>
        <line num="13" count="5" type="stmt"/>
        <line num="19" count="5" type="stmt"/>
        <line num="24" count="0" type="stmt"/>
        <line num="36" count="15" type="stmt"/>
        <line num="39" count="15" type="cond" truecount="2" falsecount="0"/>
        <line num="48" count="1" type="stmt"/>
        <line num="63" count="1" type="stmt"/>
        <line num="72" count="15" type="stmt"/>
        <line num="75" count="15" type="cond" truecount="2" falsecount="0"/>
      </file>
    </package>
    <package name="src.constants">
      <metrics statements="1" coveredstatements="1" conditionals="0" coveredconditionals="0" methods="0" coveredmethods="0"/>
      <file name="bibleBooks.ts" path="D:\SideProject\BibleStudy\bible-reading-app\src\constants\bibleBooks.ts">
        <metrics statements="1" coveredstatements="1" conditionals="0" coveredconditionals="0" methods="0" coveredmethods="0"/>
        <line num="9" count="2" type="stmt"/>
      </file>
    </package>
    <package name="src.contexts">
      <metrics statements="32" coveredstatements="31" conditionals="12" coveredconditionals="9" methods="11" coveredmethods="11"/>
      <file name="AuthContext.tsx" path="D:\SideProject\BibleStudy\bible-reading-app\src\contexts\AuthContext.tsx">
        <metrics statements="14" coveredstatements="14" conditionals="4" coveredconditionals="4" methods="5" coveredmethods="5"/>
        <line num="12" count="2" type="stmt"/>
        <line num="14" count="2" type="stmt"/>
        <line num="15" count="7" type="stmt"/>
        <line num="16" count="7" type="stmt"/>
        <line num="18" count="7" type="stmt"/>
        <line num="20" count="4" type="stmt"/>
        <line num="22" count="4" type="stmt"/>
        <line num="24" count="3" type="cond" truecount="4" falsecount="0"/>
        <line num="25" count="1" type="stmt"/>
        <line num="27" count="2" type="stmt"/>
        <line num="29" count="3" type="stmt"/>
        <line num="32" count="4" type="stmt"/>
        <line num="35" count="7" type="stmt"/>
        <line num="42" count="7" type="stmt"/>
      </file>
      <file name="LanguageContext.tsx" path="D:\SideProject\BibleStudy\bible-reading-app\src\contexts\LanguageContext.tsx">
        <metrics statements="18" coveredstatements="17" conditionals="8" coveredconditionals="5" methods="6" coveredmethods="6"/>
        <line num="12" count="4" type="stmt"/>
        <line num="133" count="4" type="stmt"/>
        <line num="135" count="4" type="stmt"/>
        <line num="137" count="10" type="stmt"/>
        <line num="139" count="10" type="stmt"/>
        <line num="140" count="2" type="cond" truecount="1" falsecount="1"/>
        <line num="143" count="10" type="stmt"/>
        <line num="144" count="102" type="cond" truecount="1" falsecount="1"/>
        <line num="145" count="102" type="cond" truecount="2" falsecount="0"/>
        <line num="146" count="9" type="stmt"/>
        <line num="147" count="9" type="stmt"/>
        <line num="150" count="102" type="stmt"/>
        <line num="153" count="10" type="stmt"/>
        <line num="160" count="4" type="stmt"/>
        <line num="161" count="18" type="stmt"/>
        <line num="162" count="18" type="cond" truecount="1" falsecount="1"/>
        <line num="163" count="0" type="stmt"/>
        <line num="165" count="18" type="stmt"/>
      </file>
    </package>
    <package name="src.pages.BookSelection">
      <metrics statements="18" coveredstatements="17" conditionals="12" coveredconditionals="10" methods="11" coveredmethods="10"/>
      <file name="BookSelection.css" path="D:\SideProject\BibleStudy\bible-reading-app\src\pages\BookSelection\BookSelection.css">
        <metrics statements="0" coveredstatements="0" conditionals="0" coveredconditionals="0" methods="0" coveredmethods="0"/>
      </file>
      <file name="BookSelection.tsx" path="D:\SideProject\BibleStudy\bible-reading-app\src\pages\BookSelection\BookSelection.tsx">
        <metrics statements="18" coveredstatements="17" conditionals="12" coveredconditionals="10" methods="11" coveredmethods="10"/>
        <line num="9" count="1" type="stmt"/>
        <line num="10" count="4" type="stmt"/>
        <line num="11" count="4" type="stmt"/>
        <line num="12" count="4" type="stmt"/>
        <line num="13" count="4" type="stmt"/>
        <line num="15" count="4" type="stmt"/>
        <line num="16" count="1" type="cond" truecount="1" falsecount="1"/>
        <line num="19" count="4" type="stmt"/>
        <line num="20" count="1" type="stmt"/>
        <line num="23" count="4" type="stmt"/>
        <line num="36" count="1" type="stmt"/>
        <line num="42" count="0" type="stmt"/>
        <line num="49" count="264" type="stmt"/>
        <line num="50" count="120" type="stmt"/>
        <line num="53" count="1" type="stmt"/>
        <line num="69" count="28" type="stmt"/>
        <line num="70" count="28" type="stmt"/>
        <line num="73" count="1" type="stmt"/>
      </file>
    </package>
    <package name="src.pages.Dashboard">
      <metrics statements="77" coveredstatements="57" conditionals="40" coveredconditionals="14" methods="26" coveredmethods="17"/>
      <file name="Dashboard.css" path="D:\SideProject\BibleStudy\bible-reading-app\src\pages\Dashboard\Dashboard.css">
        <metrics statements="0" coveredstatements="0" conditionals="0" coveredconditionals="0" methods="0" coveredmethods="0"/>
      </file>
      <file name="Dashboard.tsx" path="D:\SideProject\BibleStudy\bible-reading-app\src\pages\Dashboard\Dashboard.tsx">
        <metrics statements="77" coveredstatements="57" conditionals="40" coveredconditionals="14" methods="26" coveredmethods="17"/>
        <line num="14" count="1" type="stmt"/>
        <line num="15" count="6" type="stmt"/>
        <line num="16" count="6" type="stmt"/>
        <line num="17" count="6" type="stmt"/>
        <line num="19" count="6" type="stmt"/>
        <line num="20" count="6" type="stmt"/>
        <line num="21" count="6" type="stmt"/>
        <line num="22" count="6" type="stmt"/>
        <line num="23" count="6" type="stmt"/>
        <line num="25" count="6" type="stmt"/>
        <line num="26" count="2" type="stmt"/>
        <line num="27" count="2" type="cond" truecount="2" falsecount="0"/>
        <line num="28" count="1" type="stmt"/>
        <line num="29" count="1" type="stmt"/>
        <line num="32" count="1" type="stmt"/>
        <line num="33" count="1" type="stmt"/>
        <line num="34" count="2" type="stmt"/>
        <line num="35" count="2" type="cond" truecount="2" falsecount="0"/>
        <line num="38" count="1" type="stmt"/>
        <line num="43" count="1" type="stmt"/>
        <line num="45" count="1" type="stmt"/>
        <line num="46" count="1" type="stmt"/>
        <line num="50" count="2" type="stmt"/>
        <line num="54" count="6" type="stmt"/>
        <line num="55" count="4" type="cond" truecount="2" falsecount="0"/>
        <line num="56" count="3" type="stmt"/>
        <line num="57" count="3" type="stmt"/>
        <line num="60" count="1" type="stmt"/>
        <line num="62" count="1" type="stmt"/>
        <line num="63" count="1" type="stmt"/>
        <line num="64" count="1" type="stmt"/>
        <line num="66" count="1" type="stmt"/>
        <line num="67" count="1" type="stmt"/>
        <line num="68" count="1" type="stmt"/>
        <line num="70" count="1" type="stmt"/>
        <line num="71" count="1" type="stmt"/>
        <line num="73" count="1" type="cond" truecount="1" falsecount="1"/>
        <line num="74" count="1" type="stmt"/>
        <line num="75" count="1" type="stmt"/>
        <line num="76" count="1" type="stmt"/>
        <line num="78" count="1" type="stmt"/>
        <line num="79" count="0" type="stmt"/>
        <line num="80" count="0" type="stmt"/>
        <line num="82" count="0" type="cond" truecount="0" falsecount="2"/>
        <line num="83" count="0" type="stmt"/>
        <line num="84" count="0" type="stmt"/>
        <line num="85" count="0" type="cond" truecount="0" falsecount="2"/>
        <line num="86" count="0" type="stmt"/>
        <line num="91" count="1" type="stmt"/>
        <line num="95" count="6" type="stmt"/>
        <line num="96" count="6" type="stmt"/>
        <line num="98" count="6" type="cond" truecount="1" falsecount="1"/>
        <line num="101" count="240" type="stmt"/>
        <line num="102" count="6" type="cond" truecount="1" falsecount="1"/>
        <line num="103" count="6" type="cond" truecount="1" falsecount="1"/>
        <line num="106" count="396" type="stmt"/>
        <line num="107" count="396" type="stmt"/>
        <line num="109" count="234" type="stmt"/>
        <line num="110" count="162" type="stmt"/>
        <line num="113" count="6" type="stmt"/>
        <line num="115" count="80" type="stmt"/>
        <line num="116" count="56" type="stmt"/>
        <line num="118" count="6" type="stmt"/>
        <line num="120" count="6" type="stmt"/>
        <line num="144" count="0" type="stmt"/>
        <line num="164" count="0" type="cond" truecount="0" falsecount="2"/>
        <line num="165" count="0" type="stmt"/>
        <line num="167" count="0" type="stmt"/>
        <line num="170" count="0" type="stmt"/>
        <line num="191" count="0" type="stmt"/>
        <line num="209" count="0" type="stmt"/>
        <line num="210" count="0" type="stmt"/>
        <line num="211" count="0" type="stmt"/>
        <line num="233" count="0" type="stmt"/>
        <line num="251" count="0" type="stmt"/>
        <line num="252" count="0" type="stmt"/>
        <line num="253" count="0" type="stmt"/>
      </file>
    </package>
  </project>
</coverage>
