{"D:\\SideProject\\BibleStudy\\bible-reading-app\\src\\firebase.ts": {"path":"D:\\SideProject\\BibleStudy\\bible-reading-app\\src\\firebase.ts","statementMap":{"0":{"start":{"line":12,"column":23},"end":{"line":19,"column":null}},"1":{"start":{"line":22,"column":6},"end":{"line":22,"column":null}},"2":{"start":{"line":25,"column":13},"end":{"line":25,"column":null}},"3":{"start":{"line":26,"column":13},"end":{"line":26,"column":null}},"4":{"start":{"line":29,"column":23},"end":{"line":29,"column":null}},"5":{"start":{"line":32,"column":31},"end":{"line":43,"column":null}},"6":{"start":{"line":33,"column":4},"end":{"line":42,"column":null}},"7":{"start":{"line":34,"column":8},"end":{"line":34,"column":null}},"8":{"start":{"line":36,"column":8},"end":{"line":41,"column":null}},"9":{"start":{"line":37,"column":12},"end":{"line":37,"column":null}},"10":{"start":{"line":38,"column":12},"end":{"line":38,"column":null}},"11":{"start":{"line":40,"column":12},"end":{"line":40,"column":null}},"12":{"start":{"line":45,"column":22},"end":{"line":52,"column":null}},"13":{"start":{"line":46,"column":4},"end":{"line":51,"column":null}},"14":{"start":{"line":47,"column":8},"end":{"line":47,"column":null}},"15":{"start":{"line":49,"column":8},"end":{"line":49,"column":null}},"16":{"start":{"line":50,"column":8},"end":{"line":50,"column":null}},"17":{"start":{"line":55,"column":39},"end":{"line":63,"column":null}},"18":{"start":{"line":56,"column":4},"end":{"line":62,"column":null}},"19":{"start":{"line":57,"column":23},"end":{"line":57,"column":null}},"20":{"start":{"line":58,"column":8},"end":{"line":58,"column":null}},"21":{"start":{"line":60,"column":8},"end":{"line":60,"column":null}},"22":{"start":{"line":61,"column":8},"end":{"line":61,"column":null}}},"fnMap":{"0":{"name":"(anonymous_0)","decl":{"start":{"line":32,"column":31},"end":{"line":32,"column":43}},"loc":{"start":{"line":32,"column":43},"end":{"line":43,"column":null}},"line":32},"1":{"name":"(anonymous_1)","decl":{"start":{"line":45,"column":22},"end":{"line":45,"column":34}},"loc":{"start":{"line":45,"column":34},"end":{"line":52,"column":null}},"line":45},"2":{"name":"(anonymous_2)","decl":{"start":{"line":55,"column":39},"end":{"line":55,"column":51}},"loc":{"start":{"line":55,"column":51},"end":{"line":63,"column":null}},"line":55}},"branchMap":{"0":{"loc":{"start":{"line":36,"column":8},"end":{"line":41,"column":null}},"type":"if","locations":[{"start":{"line":36,"column":8},"end":{"line":41,"column":null}},{"start":{"line":39,"column":15},"end":{"line":41,"column":null}}],"line":36},"1":{"loc":{"start":{"line":36,"column":12},"end":{"line":36,"column":95}},"type":"binary-expr","locations":[{"start":{"line":36,"column":12},"end":{"line":36,"column":51}},{"start":{"line":36,"column":51},"end":{"line":36,"column":95}}],"line":36},"2":{"loc":{"start":{"line":58,"column":15},"end":{"line":58,"column":null}},"type":"binary-expr","locations":[{"start":{"line":58,"column":15},"end":{"line":58,"column":31}},{"start":{"line":58,"column":31},"end":{"line":58,"column":null}}],"line":58}},"s":{"0":1,"1":1,"2":1,"3":1,"4":1,"5":1,"6":0,"7":0,"8":0,"9":0,"10":0,"11":0,"12":1,"13":0,"14":0,"15":0,"16":0,"17":1,"18":0,"19":0,"20":0,"21":0,"22":0},"f":{"0":0,"1":0,"2":0},"b":{"0":[0,0],"1":[0,0],"2":[0,0]},"meta":{"lastBranch":3,"lastFunction":3,"lastStatement":23,"seen":{"s:12:23:19:Infinity":0,"s:22:6:22:Infinity":1,"s:25:13:25:Infinity":2,"s:26:13:26:Infinity":3,"s:29:23:29:Infinity":4,"s:32:31:43:Infinity":5,"f:32:31:32:43":0,"s:33:4:42:Infinity":6,"s:34:8:34:Infinity":7,"b:36:8:41:Infinity:39:15:41:Infinity":0,"s:36:8:41:Infinity":8,"b:36:12:36:51:36:51:36:95":1,"s:37:12:37:Infinity":9,"s:38:12:38:Infinity":10,"s:40:12:40:Infinity":11,"s:45:22:52:Infinity":12,"f:45:22:45:34":1,"s:46:4:51:Infinity":13,"s:47:8:47:Infinity":14,"s:49:8:49:Infinity":15,"s:50:8:50:Infinity":16,"s:55:39:63:Infinity":17,"f:55:39:55:51":2,"s:56:4:62:Infinity":18,"s:57:23:57:Infinity":19,"s:58:8:58:Infinity":20,"b:58:15:58:31:58:31:58:Infinity":2,"s:60:8:60:Infinity":21,"s:61:8:61:Infinity":22}}}
,"D:\\SideProject\\BibleStudy\\bible-reading-app\\src\\components\\Layout\\Layout.css": {"path":"D:\\SideProject\\BibleStudy\\bible-reading-app\\src\\components\\Layout\\Layout.css","statementMap":{},"fnMap":{},"branchMap":{},"s":{},"f":{},"b":{},"meta":{"lastBranch":0,"lastFunction":0,"lastStatement":0,"seen":{}}}
,"D:\\SideProject\\BibleStudy\\bible-reading-app\\src\\components\\Layout\\Layout.tsx": {"path":"D:\\SideProject\\BibleStudy\\bible-reading-app\\src\\components\\Layout\\Layout.tsx","statementMap":{"0":{"start":{"line":8,"column":15},"end":{"line":84,"column":null}},"1":{"start":{"line":9,"column":40},"end":{"line":9,"column":null}},"2":{"start":{"line":10,"column":44},"end":{"line":10,"column":null}},"3":{"start":{"line":11,"column":10},"end":{"line":11,"column":null}},"4":{"start":{"line":13,"column":21},"end":{"line":17,"column":null}},"5":{"start":{"line":19,"column":4},"end":{"line":82,"column":null}},"6":{"start":{"line":24,"column":79},"end":{"line":24,"column":null}},"7":{"start":{"line":36,"column":24},"end":{"line":43,"column":null}},"8":{"start":{"line":39,"column":57},"end":{"line":39,"column":null}},"9":{"start":{"line":48,"column":80},"end":{"line":48,"column":null}},"10":{"start":{"line":63,"column":68},"end":{"line":63,"column":94}},"11":{"start":{"line":72,"column":20},"end":{"line":79,"column":null}},"12":{"start":{"line":75,"column":53},"end":{"line":75,"column":null}}},"fnMap":{"0":{"name":"(anonymous_0)","decl":{"start":{"line":8,"column":15},"end":{"line":8,"column":21}},"loc":{"start":{"line":8,"column":21},"end":{"line":84,"column":null}},"line":8},"1":{"name":"(anonymous_1)","decl":{"start":{"line":24,"column":73},"end":{"line":24,"column":79}},"loc":{"start":{"line":24,"column":79},"end":{"line":24,"column":null}},"line":24},"2":{"name":"(anonymous_2)","decl":{"start":{"line":35,"column":34},"end":{"line":35,"column":35}},"loc":{"start":{"line":36,"column":24},"end":{"line":43,"column":null}},"line":36},"3":{"name":"(anonymous_3)","decl":{"start":{"line":39,"column":39},"end":{"line":39,"column":40}},"loc":{"start":{"line":39,"column":57},"end":{"line":39,"column":null}},"line":39},"4":{"name":"(anonymous_4)","decl":{"start":{"line":48,"column":74},"end":{"line":48,"column":80}},"loc":{"start":{"line":48,"column":80},"end":{"line":48,"column":null}},"line":48},"5":{"name":"(anonymous_5)","decl":{"start":{"line":63,"column":62},"end":{"line":63,"column":68}},"loc":{"start":{"line":63,"column":68},"end":{"line":63,"column":94}},"line":63},"6":{"name":"(anonymous_6)","decl":{"start":{"line":71,"column":30},"end":{"line":71,"column":31}},"loc":{"start":{"line":72,"column":20},"end":{"line":79,"column":null}},"line":72},"7":{"name":"(anonymous_7)","decl":{"start":{"line":75,"column":35},"end":{"line":75,"column":36}},"loc":{"start":{"line":75,"column":53},"end":{"line":75,"column":null}},"line":75}},"branchMap":{"0":{"loc":{"start":{"line":30,"column":53},"end":{"line":30,"column":87}},"type":"cond-expr","locations":[{"start":{"line":30,"column":76},"end":{"line":30,"column":83}},{"start":{"line":30,"column":83},"end":{"line":30,"column":87}}],"line":30},"1":{"loc":{"start":{"line":39,"column":69},"end":{"line":39,"column":93}},"type":"cond-expr","locations":[{"start":{"line":39,"column":80},"end":{"line":39,"column":91}},{"start":{"line":39,"column":91},"end":{"line":39,"column":93}}],"line":39},"2":{"loc":{"start":{"line":69,"column":27},"end":{"line":69,"column":61}},"type":"cond-expr","locations":[{"start":{"line":69,"column":50},"end":{"line":69,"column":57}},{"start":{"line":69,"column":57},"end":{"line":69,"column":61}}],"line":69},"3":{"loc":{"start":{"line":75,"column":72},"end":{"line":75,"column":96}},"type":"cond-expr","locations":[{"start":{"line":75,"column":83},"end":{"line":75,"column":94}},{"start":{"line":75,"column":94},"end":{"line":75,"column":96}}],"line":75}},"s":{"0":1,"1":5,"2":5,"3":5,"4":5,"5":5,"6":0,"7":15,"8":15,"9":1,"10":1,"11":15,"12":15},"f":{"0":5,"1":0,"2":15,"3":15,"4":1,"5":1,"6":15,"7":15},"b":{"0":[4,1],"1":[5,10],"2":[4,1],"3":[5,10]},"meta":{"lastBranch":4,"lastFunction":8,"lastStatement":13,"seen":{"s:8:15:84:Infinity":0,"f:8:15:8:21":0,"s:9:40:9:Infinity":1,"s:10:44:10:Infinity":2,"s:11:10:11:Infinity":3,"s:13:21:17:Infinity":4,"s:19:4:82:Infinity":5,"f:24:73:24:79":1,"s:24:79:24:Infinity":6,"b:30:76:30:83:30:83:30:87":0,"f:35:34:35:35":2,"s:36:24:43:Infinity":7,"f:39:39:39:40":3,"s:39:57:39:Infinity":8,"b:39:80:39:91:39:91:39:93":1,"f:48:74:48:80":4,"s:48:80:48:Infinity":9,"f:63:62:63:68":5,"s:63:68:63:94":10,"b:69:50:69:57:69:57:69:61":2,"f:71:30:71:31":6,"s:72:20:79:Infinity":11,"f:75:35:75:36":7,"s:75:53:75:Infinity":12,"b:75:83:75:94:75:94:75:96":3}}}
,"D:\\SideProject\\BibleStudy\\bible-reading-app\\src\\constants\\bibleBooks.ts": {"path":"D:\\SideProject\\BibleStudy\\bible-reading-app\\src\\constants\\bibleBooks.ts","statementMap":{"0":{"start":{"line":9,"column":39},"end":{"line":79,"column":null}}},"fnMap":{},"branchMap":{},"s":{"0":2},"f":{},"b":{},"meta":{"lastBranch":0,"lastFunction":0,"lastStatement":1,"seen":{"s:9:39:79:Infinity":0}}}
,"D:\\SideProject\\BibleStudy\\bible-reading-app\\src\\contexts\\AuthContext.tsx": {"path":"D:\\SideProject\\BibleStudy\\bible-reading-app\\src\\contexts\\AuthContext.tsx","statementMap":{"0":{"start":{"line":12,"column":6},"end":{"line":12,"column":null}},"1":{"start":{"line":14,"column":28},"end":{"line":40,"column":null}},"2":{"start":{"line":15,"column":24},"end":{"line":15,"column":null}},"3":{"start":{"line":16,"column":30},"end":{"line":16,"column":null}},"4":{"start":{"line":18,"column":4},"end":{"line":33,"column":null}},"5":{"start":{"line":20,"column":8},"end":{"line":20,"column":null}},"6":{"start":{"line":22,"column":14},"end":{"line":30,"column":null}},"7":{"start":{"line":24,"column":12},"end":{"line":28,"column":null}},"8":{"start":{"line":25,"column":16},"end":{"line":25,"column":null}},"9":{"start":{"line":27,"column":16},"end":{"line":27,"column":null}},"10":{"start":{"line":29,"column":12},"end":{"line":29,"column":null}},"11":{"start":{"line":32,"column":8},"end":{"line":32,"column":null}},"12":{"start":{"line":32,"column":21},"end":{"line":32,"column":null}},"13":{"start":{"line":35,"column":4},"end":{"line":38,"column":null}},"14":{"start":{"line":42,"column":23},"end":{"line":42,"column":null}}},"fnMap":{"0":{"name":"(anonymous_0)","decl":{"start":{"line":14,"column":28},"end":{"line":14,"column":29}},"loc":{"start":{"line":14,"column":71},"end":{"line":40,"column":null}},"line":14},"1":{"name":"(anonymous_1)","decl":{"start":{"line":18,"column":14},"end":{"line":18,"column":20}},"loc":{"start":{"line":18,"column":20},"end":{"line":33,"column":7}},"line":18},"2":{"name":"(anonymous_2)","decl":{"start":{"line":22,"column":53},"end":{"line":22,"column":54}},"loc":{"start":{"line":22,"column":83},"end":{"line":30,"column":9}},"line":22},"3":{"name":"(anonymous_3)","decl":{"start":{"line":32,"column":15},"end":{"line":32,"column":21}},"loc":{"start":{"line":32,"column":21},"end":{"line":32,"column":null}},"line":32},"4":{"name":"(anonymous_4)","decl":{"start":{"line":42,"column":23},"end":{"line":42,"column":29}},"loc":{"start":{"line":42,"column":23},"end":{"line":42,"column":null}},"line":42}},"branchMap":{"0":{"loc":{"start":{"line":24,"column":12},"end":{"line":28,"column":null}},"type":"if","locations":[{"start":{"line":24,"column":12},"end":{"line":28,"column":null}},{"start":{"line":26,"column":19},"end":{"line":28,"column":null}}],"line":24},"1":{"loc":{"start":{"line":24,"column":16},"end":{"line":24,"column":57}},"type":"binary-expr","locations":[{"start":{"line":24,"column":16},"end":{"line":24,"column":31}},{"start":{"line":24,"column":31},"end":{"line":24,"column":57}}],"line":24}},"s":{"0":2,"1":2,"2":7,"3":7,"4":7,"5":4,"6":4,"7":3,"8":1,"9":2,"10":3,"11":4,"12":4,"13":7,"14":7},"f":{"0":7,"1":4,"2":3,"3":4,"4":7},"b":{"0":[1,2],"1":[3,2]},"meta":{"lastBranch":2,"lastFunction":5,"lastStatement":15,"seen":{"s:12:6:12:Infinity":0,"s:14:28:40:Infinity":1,"f:14:28:14:29":0,"s:15:24:15:Infinity":2,"s:16:30:16:Infinity":3,"s:18:4:33:Infinity":4,"f:18:14:18:20":1,"s:20:8:20:Infinity":5,"s:22:14:30:Infinity":6,"f:22:53:22:54":2,"b:24:12:28:Infinity:26:19:28:Infinity":0,"s:24:12:28:Infinity":7,"b:24:16:24:31:24:31:24:57":1,"s:25:16:25:Infinity":8,"s:27:16:27:Infinity":9,"s:29:12:29:Infinity":10,"s:32:8:32:Infinity":11,"f:32:15:32:21":3,"s:32:21:32:Infinity":12,"s:35:4:38:Infinity":13,"s:42:23:42:Infinity":14,"f:42:23:42:29":4}}}
,"D:\\SideProject\\BibleStudy\\bible-reading-app\\src\\contexts\\LanguageContext.tsx": {"path":"D:\\SideProject\\BibleStudy\\bible-reading-app\\src\\contexts\\LanguageContext.tsx","statementMap":{"0":{"start":{"line":12,"column":35},"end":{"line":125,"column":null}},"1":{"start":{"line":133,"column":6},"end":{"line":133,"column":null}},"2":{"start":{"line":135,"column":32},"end":{"line":158,"column":null}},"3":{"start":{"line":137,"column":32},"end":{"line":137,"column":null}},"4":{"start":{"line":139,"column":27},"end":{"line":141,"column":null}},"5":{"start":{"line":140,"column":8},"end":{"line":140,"column":null}},"6":{"start":{"line":140,"column":28},"end":{"line":140,"column":61}},"7":{"start":{"line":143,"column":14},"end":{"line":151,"column":null}},"8":{"start":{"line":144,"column":18},"end":{"line":144,"column":null}},"9":{"start":{"line":145,"column":8},"end":{"line":149,"column":null}},"10":{"start":{"line":146,"column":12},"end":{"line":148,"column":null}},"11":{"start":{"line":147,"column":16},"end":{"line":147,"column":null}},"12":{"start":{"line":150,"column":8},"end":{"line":150,"column":null}},"13":{"start":{"line":153,"column":4},"end":{"line":156,"column":null}},"14":{"start":{"line":160,"column":27},"end":{"line":166,"column":null}},"15":{"start":{"line":161,"column":10},"end":{"line":161,"column":null}},"16":{"start":{"line":162,"column":4},"end":{"line":164,"column":null}},"17":{"start":{"line":163,"column":8},"end":{"line":163,"column":null}},"18":{"start":{"line":165,"column":4},"end":{"line":165,"column":null}}},"fnMap":{"0":{"name":"(anonymous_0)","decl":{"start":{"line":135,"column":32},"end":{"line":135,"column":33}},"loc":{"start":{"line":135,"column":75},"end":{"line":158,"column":null}},"line":135},"1":{"name":"(anonymous_1)","decl":{"start":{"line":139,"column":27},"end":{"line":139,"column":33}},"loc":{"start":{"line":139,"column":33},"end":{"line":141,"column":null}},"line":139},"2":{"name":"(anonymous_2)","decl":{"start":{"line":140,"column":20},"end":{"line":140,"column":28}},"loc":{"start":{"line":140,"column":28},"end":{"line":140,"column":61}},"line":140},"3":{"name":"(anonymous_3)","decl":{"start":{"line":143,"column":14},"end":{"line":143,"column":15}},"loc":{"start":{"line":143,"column":73},"end":{"line":151,"column":null}},"line":143},"4":{"name":"(anonymous_4)","decl":{"start":{"line":146,"column":43},"end":{"line":146,"column":44}},"loc":{"start":{"line":146,"column":55},"end":{"line":148,"column":13}},"line":146},"5":{"name":"(anonymous_5)","decl":{"start":{"line":160,"column":27},"end":{"line":160,"column":33}},"loc":{"start":{"line":160,"column":33},"end":{"line":166,"column":null}},"line":160}},"branchMap":{"0":{"loc":{"start":{"line":140,"column":28},"end":{"line":140,"column":61}},"type":"cond-expr","locations":[{"start":{"line":140,"column":47},"end":{"line":140,"column":54}},{"start":{"line":140,"column":54},"end":{"line":140,"column":61}}],"line":140},"1":{"loc":{"start":{"line":144,"column":18},"end":{"line":144,"column":null}},"type":"binary-expr","locations":[{"start":{"line":144,"column":18},"end":{"line":144,"column":49}},{"start":{"line":144,"column":49},"end":{"line":144,"column":null}}],"line":144},"2":{"loc":{"start":{"line":145,"column":8},"end":{"line":149,"column":null}},"type":"if","locations":[{"start":{"line":145,"column":8},"end":{"line":149,"column":null}},{"start":{},"end":{}}],"line":145},"3":{"loc":{"start":{"line":162,"column":4},"end":{"line":164,"column":null}},"type":"if","locations":[{"start":{"line":162,"column":4},"end":{"line":164,"column":null}},{"start":{},"end":{}}],"line":162}},"s":{"0":4,"1":4,"2":4,"3":10,"4":10,"5":2,"6":2,"7":10,"8":102,"9":102,"10":9,"11":9,"12":102,"13":10,"14":4,"15":18,"16":18,"17":0,"18":18},"f":{"0":10,"1":2,"2":2,"3":102,"4":9,"5":18},"b":{"0":[2,0],"1":[102,0],"2":[9,93],"3":[0,18]},"meta":{"lastBranch":4,"lastFunction":6,"lastStatement":19,"seen":{"s:12:35:125:Infinity":0,"s:133:6:133:Infinity":1,"s:135:32:158:Infinity":2,"f:135:32:135:33":0,"s:137:32:137:Infinity":3,"s:139:27:141:Infinity":4,"f:139:27:139:33":1,"s:140:8:140:Infinity":5,"f:140:20:140:28":2,"s:140:28:140:61":6,"b:140:47:140:54:140:54:140:61":0,"s:143:14:151:Infinity":7,"f:143:14:143:15":3,"s:144:18:144:Infinity":8,"b:144:18:144:49:144:49:144:Infinity":1,"b:145:8:149:Infinity:undefined:undefined:undefined:undefined":2,"s:145:8:149:Infinity":9,"s:146:12:148:Infinity":10,"f:146:43:146:44":4,"s:147:16:147:Infinity":11,"s:150:8:150:Infinity":12,"s:153:4:156:Infinity":13,"s:160:27:166:Infinity":14,"f:160:27:160:33":5,"s:161:10:161:Infinity":15,"b:162:4:164:Infinity:undefined:undefined:undefined:undefined":3,"s:162:4:164:Infinity":16,"s:163:8:163:Infinity":17,"s:165:4:165:Infinity":18}}}
,"D:\\SideProject\\BibleStudy\\bible-reading-app\\src\\pages\\BookSelection\\BookSelection.css": {"path":"D:\\SideProject\\BibleStudy\\bible-reading-app\\src\\pages\\BookSelection\\BookSelection.css","statementMap":{},"fnMap":{},"branchMap":{},"s":{},"f":{},"b":{},"meta":{"lastBranch":0,"lastFunction":0,"lastStatement":0,"seen":{}}}
,"D:\\SideProject\\BibleStudy\\bible-reading-app\\src\\pages\\BookSelection\\BookSelection.tsx": {"path":"D:\\SideProject\\BibleStudy\\bible-reading-app\\src\\pages\\BookSelection\\BookSelection.tsx","statementMap":{"0":{"start":{"line":9,"column":22},"end":{"line":85,"column":null}},"1":{"start":{"line":10,"column":34},"end":{"line":10,"column":null}},"2":{"start":{"line":11,"column":40},"end":{"line":11,"column":null}},"3":{"start":{"line":12,"column":10},"end":{"line":12,"column":null}},"4":{"start":{"line":13,"column":24},"end":{"line":13,"column":null}},"5":{"start":{"line":15,"column":28},"end":{"line":17,"column":null}},"6":{"start":{"line":16,"column":8},"end":{"line":16,"column":null}},"7":{"start":{"line":19,"column":31},"end":{"line":21,"column":null}},"8":{"start":{"line":20,"column":8},"end":{"line":20,"column":null}},"9":{"start":{"line":23,"column":4},"end":{"line":83,"column":null}},"10":{"start":{"line":36,"column":35},"end":{"line":36,"column":null}},"11":{"start":{"line":42,"column":35},"end":{"line":42,"column":null}},"12":{"start":{"line":49,"column":43},"end":{"line":49,"column":71}},"13":{"start":{"line":50,"column":20},"end":{"line":80,"column":null}},"14":{"start":{"line":53,"column":43},"end":{"line":53,"column":null}},"15":{"start":{"line":69,"column":81},"end":{"line":69,"column":86}},"16":{"start":{"line":70,"column":36},"end":{"line":76,"column":null}},"17":{"start":{"line":73,"column":55},"end":{"line":73,"column":null}}},"fnMap":{"0":{"name":"(anonymous_0)","decl":{"start":{"line":9,"column":22},"end":{"line":9,"column":28}},"loc":{"start":{"line":9,"column":28},"end":{"line":85,"column":null}},"line":9},"1":{"name":"(anonymous_1)","decl":{"start":{"line":15,"column":28},"end":{"line":15,"column":29}},"loc":{"start":{"line":15,"column":48},"end":{"line":17,"column":null}},"line":15},"2":{"name":"(anonymous_2)","decl":{"start":{"line":19,"column":31},"end":{"line":19,"column":32}},"loc":{"start":{"line":19,"column":68},"end":{"line":21,"column":null}},"line":19},"3":{"name":"(anonymous_3)","decl":{"start":{"line":36,"column":29},"end":{"line":36,"column":35}},"loc":{"start":{"line":36,"column":35},"end":{"line":36,"column":null}},"line":36},"4":{"name":"(anonymous_4)","decl":{"start":{"line":42,"column":29},"end":{"line":42,"column":35}},"loc":{"start":{"line":42,"column":35},"end":{"line":42,"column":null}},"line":42},"5":{"name":"(anonymous_5)","decl":{"start":{"line":49,"column":35},"end":{"line":49,"column":43}},"loc":{"start":{"line":49,"column":43},"end":{"line":49,"column":71}},"line":49},"6":{"name":"(anonymous_6)","decl":{"start":{"line":49,"column":77},"end":{"line":49,"column":78}},"loc":{"start":{"line":50,"column":20},"end":{"line":80,"column":null}},"line":50},"7":{"name":"(anonymous_7)","decl":{"start":{"line":53,"column":37},"end":{"line":53,"column":43}},"loc":{"start":{"line":53,"column":43},"end":{"line":53,"column":null}},"line":53},"8":{"name":"(anonymous_8)","decl":{"start":{"line":69,"column":71},"end":{"line":69,"column":72}},"loc":{"start":{"line":69,"column":81},"end":{"line":69,"column":86}},"line":69},"9":{"name":"(anonymous_9)","decl":{"start":{"line":69,"column":92},"end":{"line":69,"column":null}},"loc":{"start":{"line":70,"column":36},"end":{"line":76,"column":null}},"line":70},"10":{"name":"(anonymous_10)","decl":{"start":{"line":73,"column":49},"end":{"line":73,"column":55}},"loc":{"start":{"line":73,"column":55},"end":{"line":73,"column":null}},"line":73}},"branchMap":{"0":{"loc":{"start":{"line":16,"column":24},"end":{"line":16,"column":63}},"type":"cond-expr","locations":[{"start":{"line":16,"column":50},"end":{"line":16,"column":57}},{"start":{"line":16,"column":57},"end":{"line":16,"column":63}}],"line":16},"1":{"loc":{"start":{"line":35,"column":42},"end":{"line":35,"column":76}},"type":"cond-expr","locations":[{"start":{"line":35,"column":63},"end":{"line":35,"column":74}},{"start":{"line":35,"column":74},"end":{"line":35,"column":76}}],"line":35},"2":{"loc":{"start":{"line":41,"column":42},"end":{"line":41,"column":76}},"type":"cond-expr","locations":[{"start":{"line":41,"column":63},"end":{"line":41,"column":74}},{"start":{"line":41,"column":74},"end":{"line":41,"column":76}}],"line":41},"3":{"loc":{"start":{"line":58,"column":37},"end":{"line":58,"column":null}},"type":"cond-expr","locations":[{"start":{"line":58,"column":60},"end":{"line":58,"column":74}},{"start":{"line":58,"column":74},"end":{"line":58,"column":null}}],"line":58},"4":{"loc":{"start":{"line":62,"column":59},"end":{"line":62,"column":100}},"type":"cond-expr","locations":[{"start":{"line":62,"column":86},"end":{"line":62,"column":98}},{"start":{"line":62,"column":98},"end":{"line":62,"column":100}}],"line":62},"5":{"loc":{"start":{"line":67,"column":25},"end":{"line":78,"column":null}},"type":"binary-expr","locations":[{"start":{"line":67,"column":25},"end":{"line":67,"column":null}},{"start":{"line":68,"column":28},"end":{"line":78,"column":null}}],"line":67}},"s":{"0":1,"1":4,"2":4,"3":4,"4":4,"5":4,"6":1,"7":4,"8":1,"9":4,"10":1,"11":0,"12":264,"13":120,"14":1,"15":28,"16":28,"17":1},"f":{"0":4,"1":1,"2":1,"3":1,"4":0,"5":264,"6":120,"7":1,"8":28,"9":28,"10":1},"b":{"0":[0,1],"1":[1,3],"2":[3,1],"3":[120,0],"4":[1,119],"5":[120,1]},"meta":{"lastBranch":6,"lastFunction":11,"lastStatement":18,"seen":{"s:9:22:85:Infinity":0,"f:9:22:9:28":0,"s:10:34:10:Infinity":1,"s:11:40:11:Infinity":2,"s:12:10:12:Infinity":3,"s:13:24:13:Infinity":4,"s:15:28:17:Infinity":5,"f:15:28:15:29":1,"s:16:8:16:Infinity":6,"b:16:50:16:57:16:57:16:63":0,"s:19:31:21:Infinity":7,"f:19:31:19:32":2,"s:20:8:20:Infinity":8,"s:23:4:83:Infinity":9,"b:35:63:35:74:35:74:35:76":1,"f:36:29:36:35":3,"s:36:35:36:Infinity":10,"b:41:63:41:74:41:74:41:76":2,"f:42:29:42:35":4,"s:42:35:42:Infinity":11,"f:49:35:49:43":5,"s:49:43:49:71":12,"f:49:77:49:78":6,"s:50:20:80:Infinity":13,"f:53:37:53:43":7,"s:53:43:53:Infinity":14,"b:58:60:58:74:58:74:58:Infinity":3,"b:62:86:62:98:62:98:62:100":4,"b:67:25:67:Infinity:68:28:78:Infinity":5,"f:69:71:69:72":8,"s:69:81:69:86":15,"f:69:92:69:Infinity":9,"s:70:36:76:Infinity":16,"f:73:49:73:55":10,"s:73:55:73:Infinity":17}}}
,"D:\\SideProject\\BibleStudy\\bible-reading-app\\src\\pages\\Dashboard\\Dashboard.css": {"path":"D:\\SideProject\\BibleStudy\\bible-reading-app\\src\\pages\\Dashboard\\Dashboard.css","statementMap":{},"fnMap":{},"branchMap":{},"s":{},"f":{},"b":{},"meta":{"lastBranch":0,"lastFunction":0,"lastStatement":0,"seen":{}}}
,"D:\\SideProject\\BibleStudy\\bible-reading-app\\src\\pages\\Dashboard\\Dashboard.tsx": {"path":"D:\\SideProject\\BibleStudy\\bible-reading-app\\src\\pages\\Dashboard\\Dashboard.tsx","statementMap":{"0":{"start":{"line":14,"column":18},"end":{"line":274,"column":null}},"1":{"start":{"line":15,"column":10},"end":{"line":15,"column":null}},"2":{"start":{"line":16,"column":24},"end":{"line":16,"column":null}},"3":{"start":{"line":17,"column":17},"end":{"line":17,"column":null}},"4":{"start":{"line":19,"column":30},"end":{"line":19,"column":null}},"5":{"start":{"line":20,"column":42},"end":{"line":20,"column":null}},"6":{"start":{"line":21,"column":42},"end":{"line":21,"column":null}},"7":{"start":{"line":22,"column":36},"end":{"line":22,"column":null}},"8":{"start":{"line":23,"column":36},"end":{"line":23,"column":null}},"9":{"start":{"line":25,"column":4},"end":{"line":51,"column":null}},"10":{"start":{"line":26,"column":29},"end":{"line":48,"column":null}},"11":{"start":{"line":27,"column":12},"end":{"line":47,"column":null}},"12":{"start":{"line":28,"column":29},"end":{"line":28,"column":null}},"13":{"start":{"line":29,"column":16},"end":{"line":29,"column":null}},"14":{"start":{"line":32,"column":62},"end":{"line":32,"column":null}},"15":{"start":{"line":33,"column":16},"end":{"line":36,"column":null}},"16":{"start":{"line":34,"column":26},"end":{"line":34,"column":null}},"17":{"start":{"line":35,"column":20},"end":{"line":35,"column":null}},"18":{"start":{"line":38,"column":31},"end":{"line":41,"column":null}},"19":{"start":{"line":38,"column":68},"end":{"line":41,"column":18}},"20":{"start":{"line":43,"column":16},"end":{"line":43,"column":null}},"21":{"start":{"line":45,"column":16},"end":{"line":45,"column":null}},"22":{"start":{"line":46,"column":16},"end":{"line":46,"column":null}},"23":{"start":{"line":50,"column":8},"end":{"line":50,"column":null}},"24":{"start":{"line":54,"column":4},"end":{"line":92,"column":null}},"25":{"start":{"line":55,"column":8},"end":{"line":58,"column":null}},"26":{"start":{"line":56,"column":12},"end":{"line":56,"column":null}},"27":{"start":{"line":57,"column":12},"end":{"line":57,"column":null}},"28":{"start":{"line":60,"column":28},"end":{"line":60,"column":null}},"29":{"start":{"line":60,"column":56},"end":{"line":60,"column":62}},"30":{"start":{"line":62,"column":21},"end":{"line":62,"column":null}},"31":{"start":{"line":63,"column":20},"end":{"line":63,"column":null}},"32":{"start":{"line":64,"column":8},"end":{"line":64,"column":null}},"33":{"start":{"line":66,"column":29},"end":{"line":66,"column":null}},"34":{"start":{"line":67,"column":26},"end":{"line":67,"column":null}},"35":{"start":{"line":68,"column":8},"end":{"line":68,"column":null}},"36":{"start":{"line":70,"column":25},"end":{"line":70,"column":null}},"37":{"start":{"line":71,"column":25},"end":{"line":71,"column":null}},"38":{"start":{"line":73,"column":8},"end":{"line":89,"column":null}},"39":{"start":{"line":74,"column":12},"end":{"line":74,"column":null}},"40":{"start":{"line":75,"column":35},"end":{"line":75,"column":null}},"41":{"start":{"line":76,"column":12},"end":{"line":76,"column":null}},"42":{"start":{"line":78,"column":12},"end":{"line":88,"column":null}},"43":{"start":{"line":78,"column":25},"end":{"line":78,"column":28}},"44":{"start":{"line":79,"column":33},"end":{"line":79,"column":null}},"45":{"start":{"line":80,"column":16},"end":{"line":80,"column":null}},"46":{"start":{"line":82,"column":16},"end":{"line":87,"column":null}},"47":{"start":{"line":83,"column":20},"end":{"line":83,"column":null}},"48":{"start":{"line":84,"column":20},"end":{"line":84,"column":null}},"49":{"start":{"line":85,"column":16},"end":{"line":87,"column":null}},"50":{"start":{"line":86,"column":20},"end":{"line":86,"column":null}},"51":{"start":{"line":91,"column":8},"end":{"line":91,"column":null}},"52":{"start":{"line":95,"column":18},"end":{"line":95,"column":null}},"53":{"start":{"line":96,"column":10},"end":{"line":96,"column":null}},"54":{"start":{"line":98,"column":25},"end":{"line":98,"column":null}},"55":{"start":{"line":101,"column":24},"end":{"line":101,"column":null}},"56":{"start":{"line":101,"column":45},"end":{"line":101,"column":59}},"57":{"start":{"line":102,"column":24},"end":{"line":102,"column":null}},"58":{"start":{"line":103,"column":25},"end":{"line":103,"column":null}},"59":{"start":{"line":106,"column":20},"end":{"line":106,"column":null}},"60":{"start":{"line":106,"column":43},"end":{"line":106,"column":63}},"61":{"start":{"line":107,"column":20},"end":{"line":107,"column":null}},"62":{"start":{"line":107,"column":43},"end":{"line":107,"column":63}},"63":{"start":{"line":109,"column":28},"end":{"line":109,"column":null}},"64":{"start":{"line":109,"column":55},"end":{"line":109,"column":73}},"65":{"start":{"line":110,"column":28},"end":{"line":110,"column":null}},"66":{"start":{"line":110,"column":55},"end":{"line":110,"column":73}},"67":{"start":{"line":113,"column":26},"end":{"line":113,"column":null}},"68":{"start":{"line":113,"column":84},"end":{"line":113,"column":124}},"69":{"start":{"line":115,"column":24},"end":{"line":115,"column":null}},"70":{"start":{"line":115,"column":69},"end":{"line":115,"column":105}},"71":{"start":{"line":115,"column":87},"end":{"line":115,"column":104}},"72":{"start":{"line":116,"column":24},"end":{"line":116,"column":null}},"73":{"start":{"line":116,"column":69},"end":{"line":116,"column":105}},"74":{"start":{"line":116,"column":87},"end":{"line":116,"column":104}},"75":{"start":{"line":118,"column":28},"end":{"line":118,"column":null}},"76":{"start":{"line":118,"column":48},"end":{"line":118,"column":null}},"77":{"start":{"line":118,"column":93},"end":{"line":118,"column":112}},"78":{"start":{"line":120,"column":4},"end":{"line":272,"column":null}},"79":{"start":{"line":144,"column":149},"end":{"line":144,"column":null}},"80":{"start":{"line":164,"column":32},"end":{"line":166,"column":null}},"81":{"start":{"line":165,"column":36},"end":{"line":165,"column":null}},"82":{"start":{"line":167,"column":32},"end":{"line":167,"column":null}},"83":{"start":{"line":170,"column":32},"end":{"line":172,"column":null}},"84":{"start":{"line":191,"column":43},"end":{"line":191,"column":null}},"85":{"start":{"line":209,"column":50},"end":{"line":209,"column":null}},"86":{"start":{"line":210,"column":53},"end":{"line":210,"column":null}},"87":{"start":{"line":211,"column":36},"end":{"line":222,"column":null}},"88":{"start":{"line":233,"column":43},"end":{"line":233,"column":null}},"89":{"start":{"line":251,"column":50},"end":{"line":251,"column":null}},"90":{"start":{"line":252,"column":53},"end":{"line":252,"column":null}},"91":{"start":{"line":253,"column":36},"end":{"line":264,"column":null}}},"fnMap":{"0":{"name":"(anonymous_0)","decl":{"start":{"line":14,"column":18},"end":{"line":14,"column":24}},"loc":{"start":{"line":14,"column":24},"end":{"line":274,"column":null}},"line":14},"1":{"name":"(anonymous_1)","decl":{"start":{"line":25,"column":14},"end":{"line":25,"column":20}},"loc":{"start":{"line":25,"column":20},"end":{"line":51,"column":7}},"line":25},"2":{"name":"(anonymous_2)","decl":{"start":{"line":26,"column":29},"end":{"line":26,"column":41}},"loc":{"start":{"line":26,"column":41},"end":{"line":48,"column":null}},"line":26},"3":{"name":"(anonymous_3)","decl":{"start":{"line":33,"column":29},"end":{"line":33,"column":35}},"loc":{"start":{"line":33,"column":35},"end":{"line":36,"column":17}},"line":33},"4":{"name":"(anonymous_4)","decl":{"start":{"line":38,"column":59},"end":{"line":38,"column":68}},"loc":{"start":{"line":38,"column":68},"end":{"line":41,"column":18}},"line":38},"5":{"name":"(anonymous_5)","decl":{"start":{"line":54,"column":14},"end":{"line":54,"column":20}},"loc":{"start":{"line":54,"column":20},"end":{"line":92,"column":7}},"line":54},"6":{"name":"(anonymous_6)","decl":{"start":{"line":60,"column":51},"end":{"line":60,"column":56}},"loc":{"start":{"line":60,"column":56},"end":{"line":60,"column":62}},"line":60},"7":{"name":"(anonymous_7)","decl":{"start":{"line":101,"column":40},"end":{"line":101,"column":45}},"loc":{"start":{"line":101,"column":45},"end":{"line":101,"column":59}},"line":101},"8":{"name":"(anonymous_8)","decl":{"start":{"line":106,"column":38},"end":{"line":106,"column":43}},"loc":{"start":{"line":106,"column":43},"end":{"line":106,"column":63}},"line":106},"9":{"name":"(anonymous_9)","decl":{"start":{"line":107,"column":38},"end":{"line":107,"column":43}},"loc":{"start":{"line":107,"column":43},"end":{"line":107,"column":63}},"line":107},"10":{"name":"(anonymous_10)","decl":{"start":{"line":109,"column":43},"end":{"line":109,"column":44}},"loc":{"start":{"line":109,"column":55},"end":{"line":109,"column":73}},"line":109},"11":{"name":"(anonymous_11)","decl":{"start":{"line":110,"column":43},"end":{"line":110,"column":44}},"loc":{"start":{"line":110,"column":55},"end":{"line":110,"column":73}},"line":110},"12":{"name":"(anonymous_12)","decl":{"start":{"line":113,"column":57},"end":{"line":113,"column":58}},"loc":{"start":{"line":113,"column":84},"end":{"line":113,"column":124}},"line":113},"13":{"name":"(anonymous_13)","decl":{"start":{"line":115,"column":45},"end":{"line":115,"column":46}},"loc":{"start":{"line":115,"column":69},"end":{"line":115,"column":105}},"line":115},"14":{"name":"(anonymous_14)","decl":{"start":{"line":115,"column":82},"end":{"line":115,"column":87}},"loc":{"start":{"line":115,"column":87},"end":{"line":115,"column":104}},"line":115},"15":{"name":"(anonymous_15)","decl":{"start":{"line":116,"column":45},"end":{"line":116,"column":46}},"loc":{"start":{"line":116,"column":69},"end":{"line":116,"column":105}},"line":116},"16":{"name":"(anonymous_16)","decl":{"start":{"line":116,"column":82},"end":{"line":116,"column":87}},"loc":{"start":{"line":116,"column":87},"end":{"line":116,"column":104}},"line":116},"17":{"name":"(anonymous_17)","decl":{"start":{"line":118,"column":28},"end":{"line":118,"column":29}},"loc":{"start":{"line":118,"column":48},"end":{"line":118,"column":null}},"line":118},"18":{"name":"(anonymous_18)","decl":{"start":{"line":118,"column":69},"end":{"line":118,"column":70}},"loc":{"start":{"line":118,"column":93},"end":{"line":118,"column":112}},"line":118},"19":{"name":"(anonymous_19)","decl":{"start":{"line":144,"column":143},"end":{"line":144,"column":149}},"loc":{"start":{"line":144,"column":149},"end":{"line":144,"column":null}},"line":144},"20":{"name":"(anonymous_20)","decl":{"start":{"line":163,"column":43},"end":{"line":163,"column":44}},"loc":{"start":{"line":163,"column":85},"end":{"line":168,"column":null}},"line":163},"21":{"name":"(anonymous_21)","decl":{"start":{"line":169,"column":47},"end":{"line":169,"column":48}},"loc":{"start":{"line":169,"column":91},"end":{"line":173,"column":null}},"line":169},"22":{"name":"(anonymous_22)","decl":{"start":{"line":191,"column":37},"end":{"line":191,"column":43}},"loc":{"start":{"line":191,"column":43},"end":{"line":191,"column":null}},"line":191},"23":{"name":"(anonymous_23)","decl":{"start":{"line":208,"column":45},"end":{"line":208,"column":53}},"loc":{"start":{"line":208,"column":53},"end":{"line":224,"column":33}},"line":208},"24":{"name":"(anonymous_24)","decl":{"start":{"line":233,"column":37},"end":{"line":233,"column":43}},"loc":{"start":{"line":233,"column":43},"end":{"line":233,"column":null}},"line":233},"25":{"name":"(anonymous_25)","decl":{"start":{"line":250,"column":45},"end":{"line":250,"column":53}},"loc":{"start":{"line":250,"column":53},"end":{"line":266,"column":33}},"line":250}},"branchMap":{"0":{"loc":{"start":{"line":27,"column":12},"end":{"line":47,"column":null}},"type":"if","locations":[{"start":{"line":27,"column":12},"end":{"line":47,"column":null}},{"start":{"line":44,"column":19},"end":{"line":47,"column":null}}],"line":27},"1":{"loc":{"start":{"line":35,"column":43},"end":{"line":35,"column":71}},"type":"binary-expr","locations":[{"start":{"line":35,"column":43},"end":{"line":35,"column":66}},{"start":{"line":35,"column":66},"end":{"line":35,"column":71}}],"line":35},"2":{"loc":{"start":{"line":55,"column":8},"end":{"line":58,"column":null}},"type":"if","locations":[{"start":{"line":55,"column":8},"end":{"line":58,"column":null}},{"start":{},"end":{}}],"line":55},"3":{"loc":{"start":{"line":73,"column":8},"end":{"line":89,"column":null}},"type":"if","locations":[{"start":{"line":73,"column":8},"end":{"line":89,"column":null}},{"start":{},"end":{}}],"line":73},"4":{"loc":{"start":{"line":82,"column":16},"end":{"line":87,"column":null}},"type":"if","locations":[{"start":{"line":82,"column":16},"end":{"line":87,"column":null}},{"start":{"line":85,"column":16},"end":{"line":87,"column":null}}],"line":82},"5":{"loc":{"start":{"line":85,"column":16},"end":{"line":87,"column":null}},"type":"if","locations":[{"start":{"line":85,"column":16},"end":{"line":87,"column":null}},{"start":{},"end":{}}],"line":85},"6":{"loc":{"start":{"line":98,"column":25},"end":{"line":98,"column":null}},"type":"cond-expr","locations":[{"start":{"line":98,"column":48},"end":{"line":98,"column":64}},{"start":{"line":98,"column":64},"end":{"line":98,"column":null}}],"line":98},"7":{"loc":{"start":{"line":102,"column":24},"end":{"line":102,"column":null}},"type":"cond-expr","locations":[{"start":{"line":102,"column":47},"end":{"line":102,"column":69}},{"start":{"line":102,"column":69},"end":{"line":102,"column":null}}],"line":102},"8":{"loc":{"start":{"line":103,"column":25},"end":{"line":103,"column":null}},"type":"cond-expr","locations":[{"start":{"line":103,"column":48},"end":{"line":103,"column":60}},{"start":{"line":103,"column":60},"end":{"line":103,"column":null}}],"line":103},"9":{"loc":{"start":{"line":164,"column":32},"end":{"line":166,"column":null}},"type":"if","locations":[{"start":{"line":164,"column":32},"end":{"line":166,"column":null}},{"start":{},"end":{}}],"line":164},"10":{"loc":{"start":{"line":171,"column":52},"end":{"line":171,"column":null}},"type":"cond-expr","locations":[{"start":{"line":171,"column":74},"end":{"line":171,"column":117}},{"start":{"line":171,"column":117},"end":{"line":171,"column":null}}],"line":171},"11":{"loc":{"start":{"line":171,"column":52},"end":{"line":171,"column":74}},"type":"binary-expr","locations":[{"start":{"line":171,"column":52},"end":{"line":171,"column":61}},{"start":{"line":171,"column":61},"end":{"line":171,"column":74}}],"line":171},"12":{"loc":{"start":{"line":196,"column":37},"end":{"line":196,"column":null}},"type":"cond-expr","locations":[{"start":{"line":196,"column":50},"end":{"line":196,"column":76}},{"start":{"line":196,"column":76},"end":{"line":196,"column":null}}],"line":196},"13":{"loc":{"start":{"line":206,"column":25},"end":{"line":225,"column":null}},"type":"binary-expr","locations":[{"start":{"line":206,"column":25},"end":{"line":206,"column":null}},{"start":{"line":207,"column":28},"end":{"line":225,"column":null}}],"line":206},"14":{"loc":{"start":{"line":214,"column":77},"end":{"line":214,"column":126}},"type":"cond-expr","locations":[{"start":{"line":214,"column":100},"end":{"line":214,"column":114}},{"start":{"line":214,"column":114},"end":{"line":214,"column":126}}],"line":214},"15":{"loc":{"start":{"line":215,"column":79},"end":{"line":215,"column":110}},"type":"cond-expr","locations":[{"start":{"line":215,"column":91},"end":{"line":215,"column":108}},{"start":{"line":215,"column":108},"end":{"line":215,"column":110}}],"line":215},"16":{"loc":{"start":{"line":238,"column":37},"end":{"line":238,"column":null}},"type":"cond-expr","locations":[{"start":{"line":238,"column":50},"end":{"line":238,"column":76}},{"start":{"line":238,"column":76},"end":{"line":238,"column":null}}],"line":238},"17":{"loc":{"start":{"line":248,"column":25},"end":{"line":267,"column":null}},"type":"binary-expr","locations":[{"start":{"line":248,"column":25},"end":{"line":248,"column":null}},{"start":{"line":249,"column":28},"end":{"line":267,"column":null}}],"line":248},"18":{"loc":{"start":{"line":256,"column":77},"end":{"line":256,"column":126}},"type":"cond-expr","locations":[{"start":{"line":256,"column":100},"end":{"line":256,"column":114}},{"start":{"line":256,"column":114},"end":{"line":256,"column":126}}],"line":256},"19":{"loc":{"start":{"line":257,"column":79},"end":{"line":257,"column":110}},"type":"cond-expr","locations":[{"start":{"line":257,"column":91},"end":{"line":257,"column":108}},{"start":{"line":257,"column":108},"end":{"line":257,"column":110}}],"line":257}},"s":{"0":1,"1":6,"2":6,"3":6,"4":6,"5":6,"6":6,"7":6,"8":6,"9":6,"10":2,"11":2,"12":1,"13":1,"14":1,"15":1,"16":2,"17":2,"18":1,"19":1,"20":1,"21":1,"22":1,"23":2,"24":6,"25":4,"26":3,"27":3,"28":1,"29":1,"30":1,"31":1,"32":1,"33":1,"34":1,"35":1,"36":1,"37":1,"38":1,"39":1,"40":1,"41":1,"42":1,"43":1,"44":0,"45":0,"46":0,"47":0,"48":0,"49":0,"50":0,"51":1,"52":6,"53":6,"54":6,"55":6,"56":240,"57":6,"58":6,"59":6,"60":396,"61":6,"62":396,"63":6,"64":234,"65":6,"66":162,"67":6,"68":4,"69":6,"70":4,"71":80,"72":6,"73":4,"74":56,"75":6,"76":0,"77":0,"78":6,"79":0,"80":0,"81":0,"82":0,"83":0,"84":0,"85":0,"86":0,"87":0,"88":0,"89":0,"90":0,"91":0},"f":{"0":6,"1":2,"2":2,"3":2,"4":1,"5":4,"6":1,"7":240,"8":396,"9":396,"10":234,"11":162,"12":4,"13":4,"14":80,"15":4,"16":56,"17":0,"18":0,"19":0,"20":0,"21":0,"22":0,"23":0,"24":0,"25":0},"b":{"0":[1,1],"1":[2,1],"2":[3,1],"3":[1,0],"4":[0,0],"5":[0,0],"6":[6,0],"7":[6,0],"8":[6,0],"9":[0,0],"10":[0,0],"11":[0,0],"12":[0,6],"13":[6,0],"14":[0,0],"15":[0,0],"16":[0,6],"17":[6,0],"18":[0,0],"19":[0,0]},"meta":{"lastBranch":20,"lastFunction":26,"lastStatement":92,"seen":{"s:14:18:274:Infinity":0,"f:14:18:14:24":0,"s:15:10:15:Infinity":1,"s:16:24:16:Infinity":2,"s:17:17:17:Infinity":3,"s:19:30:19:Infinity":4,"s:20:42:20:Infinity":5,"s:21:42:21:Infinity":6,"s:22:36:22:Infinity":7,"s:23:36:23:Infinity":8,"s:25:4:51:Infinity":9,"f:25:14:25:20":1,"s:26:29:48:Infinity":10,"f:26:29:26:41":2,"b:27:12:47:Infinity:44:19:47:Infinity":0,"s:27:12:47:Infinity":11,"s:28:29:28:Infinity":12,"s:29:16:29:Infinity":13,"s:32:62:32:Infinity":14,"s:33:16:36:Infinity":15,"f:33:29:33:35":3,"s:34:26:34:Infinity":16,"s:35:20:35:Infinity":17,"b:35:43:35:66:35:66:35:71":1,"s:38:31:41:Infinity":18,"f:38:59:38:68":4,"s:38:68:41:18":19,"s:43:16:43:Infinity":20,"s:45:16:45:Infinity":21,"s:46:16:46:Infinity":22,"s:50:8:50:Infinity":23,"s:54:4:92:Infinity":24,"f:54:14:54:20":5,"b:55:8:58:Infinity:undefined:undefined:undefined:undefined":2,"s:55:8:58:Infinity":25,"s:56:12:56:Infinity":26,"s:57:12:57:Infinity":27,"s:60:28:60:Infinity":28,"f:60:51:60:56":6,"s:60:56:60:62":29,"s:62:21:62:Infinity":30,"s:63:20:63:Infinity":31,"s:64:8:64:Infinity":32,"s:66:29:66:Infinity":33,"s:67:26:67:Infinity":34,"s:68:8:68:Infinity":35,"s:70:25:70:Infinity":36,"s:71:25:71:Infinity":37,"b:73:8:89:Infinity:undefined:undefined:undefined:undefined":3,"s:73:8:89:Infinity":38,"s:74:12:74:Infinity":39,"s:75:35:75:Infinity":40,"s:76:12:76:Infinity":41,"s:78:12:88:Infinity":42,"s:78:25:78:28":43,"s:79:33:79:Infinity":44,"s:80:16:80:Infinity":45,"b:82:16:87:Infinity:85:16:87:Infinity":4,"s:82:16:87:Infinity":46,"s:83:20:83:Infinity":47,"s:84:20:84:Infinity":48,"b:85:16:87:Infinity:undefined:undefined:undefined:undefined":5,"s:85:16:87:Infinity":49,"s:86:20:86:Infinity":50,"s:91:8:91:Infinity":51,"s:95:18:95:Infinity":52,"s:96:10:96:Infinity":53,"s:98:25:98:Infinity":54,"b:98:48:98:64:98:64:98:Infinity":6,"s:101:24:101:Infinity":55,"f:101:40:101:45":7,"s:101:45:101:59":56,"s:102:24:102:Infinity":57,"b:102:47:102:69:102:69:102:Infinity":7,"s:103:25:103:Infinity":58,"b:103:48:103:60:103:60:103:Infinity":8,"s:106:20:106:Infinity":59,"f:106:38:106:43":8,"s:106:43:106:63":60,"s:107:20:107:Infinity":61,"f:107:38:107:43":9,"s:107:43:107:63":62,"s:109:28:109:Infinity":63,"f:109:43:109:44":10,"s:109:55:109:73":64,"s:110:28:110:Infinity":65,"f:110:43:110:44":11,"s:110:55:110:73":66,"s:113:26:113:Infinity":67,"f:113:57:113:58":12,"s:113:84:113:124":68,"s:115:24:115:Infinity":69,"f:115:45:115:46":13,"s:115:69:115:105":70,"f:115:82:115:87":14,"s:115:87:115:104":71,"s:116:24:116:Infinity":72,"f:116:45:116:46":15,"s:116:69:116:105":73,"f:116:82:116:87":16,"s:116:87:116:104":74,"s:118:28:118:Infinity":75,"f:118:28:118:29":17,"s:118:48:118:Infinity":76,"f:118:69:118:70":18,"s:118:93:118:112":77,"s:120:4:272:Infinity":78,"f:144:143:144:149":19,"s:144:149:144:Infinity":79,"f:163:43:163:44":20,"b:164:32:166:Infinity:undefined:undefined:undefined:undefined":9,"s:164:32:166:Infinity":80,"s:165:36:165:Infinity":81,"s:167:32:167:Infinity":82,"f:169:47:169:48":21,"s:170:32:172:Infinity":83,"b:171:74:171:117:171:117:171:Infinity":10,"b:171:52:171:61:171:61:171:74":11,"f:191:37:191:43":22,"s:191:43:191:Infinity":84,"b:196:50:196:76:196:76:196:Infinity":12,"b:206:25:206:Infinity:207:28:225:Infinity":13,"f:208:45:208:53":23,"s:209:50:209:Infinity":85,"s:210:53:210:Infinity":86,"s:211:36:222:Infinity":87,"b:214:100:214:114:214:114:214:126":14,"b:215:91:215:108:215:108:215:110":15,"f:233:37:233:43":24,"s:233:43:233:Infinity":88,"b:238:50:238:76:238:76:238:Infinity":16,"b:248:25:248:Infinity:249:28:267:Infinity":17,"f:250:45:250:53":25,"s:251:50:251:Infinity":89,"s:252:53:252:Infinity":90,"s:253:36:264:Infinity":91,"b:256:100:256:114:256:114:256:126":18,"b:257:91:257:108:257:108:257:110":19}}}
}
